----------------------
Nodelist:  raspberrypi-dml0
Number of nodes:  1
Ntasks per node:  1
CPUs per task: 1
---------------------- 
MASTER_ADDR: raspberrypi-dml0:24442
----------------------
Traceback (most recent call last):
  File "/home/shared_files/pytorch_venv/bin/accelerate", line 8, in <module>
    sys.exit(main())
             ^^^^^^
  File "/home/shared_files/pytorch_venv/lib/python3.11/site-packages/accelerate/commands/accelerate_cli.py", line 48, in main
    args.func(args)
  File "/home/shared_files/pytorch_venv/lib/python3.11/site-packages/accelerate/commands/launch.py", line 1168, in launch_command
    simple_launcher(args)
  File "/home/shared_files/pytorch_venv/lib/python3.11/site-packages/accelerate/commands/launch.py", line 757, in simple_launcher
    cmd, current_env = prepare_simple_launcher_cmd_env(args)
                       ^^^^^^^^^^^^^^^^^^^^^^^^^^^^^^^^^^^^^
  File "/home/shared_files/pytorch_venv/lib/python3.11/site-packages/accelerate/utils/launch.py", line 158, in prepare_simple_launcher_cmd_env
    raise RuntimeError(
RuntimeError: FP8 is not available on this machine. Please ensure that either Transformer Engine or MSAMP is installed.
srun: error: raspberrypi-dml0: task 0: Exited with exit code 1
